# JRE version: OpenJDK Runtime Environment Temurin-21.0.7+6 (21.0.7+6) (build 21.0.7+6-LTS)
# Java VM: OpenJDK 64-Bit Server VM Temurin-21.0.7+6 (21.0.7+6-LTS, mixed mode, sharing, tiered, compressed oops, compressed class ptrs, g1 gc, linux-amd64)
GC Precious Log:
 CardTable entry size: 512
 Card Set container configuration: InlinePtr #cards 4 size 8 Array Of Cards #cards 16 size 48 Howl #buckets 8 coarsen threshold 3686 Howl Bitmap #cards 512 size 80 coarsen threshold 460 Card regions per heap region 1 cards per card region 4096
 CPUs: 4 total, 4 available
 Memory: 14510M
 Large Page Support: Disabled
 NUMA Support: Disabled
 Compressed Oops: Enabled (Zero based)
 Heap Region Size: 2M
 Heap Min Capacity: 8M
 Heap Initial Capacity: 228M
 Heap Max Capacity: 3628M
 Pre-touch: Disabled
 Parallel Workers: 4
 Concurrent Workers: 1
 Concurrent Refinement Workers: 4
 Periodic GC: Disabled
Heap:
 garbage-first heap   total 135168K, used 53183K [0x000000071d400000, 0x0000000800000000)
  region size 2048K, 4 young (8192K), 3 survivors (6144K)
 Metaspace       used 21458K, committed 21760K, reserved 1114112K
  class space    used 2064K, committed 2176K, reserved 1048576K
GC Heap History (18 events):
Event: 4.607 GC heap before
{Heap before GC invocations=0 (full 0):
 garbage-first heap   total 235520K, used 15409K [0x000000071d400000, 0x0000000800000000)
  region size 2048K, 6 young (12288K), 0 survivors (0K)
 Metaspace       used 13129K, committed 13376K, reserved 1114112K
  class space    used 1413K, committed 1536K, reserved 1048576K
}
Event: 4.654 GC heap after
{Heap after GC invocations=1 (full 0):
 garbage-first heap   total 235520K, used 5997K [0x000000071d400000, 0x0000000800000000)
  region size 2048K, 1 young (2048K), 1 survivors (2048K)
 Metaspace       used 13129K, committed 13376K, reserved 1114112K
  class space    used 1413K, committed 1536K, reserved 1048576K
}
Event: 5.599 GC heap before
{Heap before GC invocations=1 (full 0):
 garbage-first heap   total 235520K, used 8045K [0x000000071d400000, 0x0000000800000000)
  region size 2048K, 3 young (6144K), 1 survivors (2048K)
 Metaspace       used 14234K, committed 14528K, reserved 1114112K
  class space    used 1542K, committed 1664K, reserved 1048576K
}
Event: 5.805 GC heap after
{Heap after GC invocations=2 (full 1):
 garbage-first heap   total 34816K, used 6199K [0x000000071d400000, 0x0000000800000000)
  region size 2048K, 0 young (0K), 0 survivors (0K)
 Metaspace       used 14234K, committed 14528K, reserved 1114112K
  class space    used 1542K, committed 1664K, reserved 1048576K
}
Event: 5.821 GC heap before
{Heap before GC invocations=2 (full 1):
 garbage-first heap   total 34816K, used 6199K [0x000000071d400000, 0x0000000800000000)
  region size 2048K, 0 young (0K), 0 survivors (0K)
 Metaspace       used 14234K, committed 14528K, reserved 1114112K
  class space    used 1542K, committed 1664K, reserved 1048576K
}
Event: 5.884 GC heap after
{Heap after GC invocations=3 (full 2):
 garbage-first heap   total 28672K, used 6199K [0x000000071d400000, 0x0000000800000000)
  region size 2048K, 0 young (0K), 0 survivors (0K)
 Metaspace       used 14234K, committed 14528K, reserved 1114112K
  class space    used 1542K, committed 1664K, reserved 1048576K
}
Event: 8.654 GC heap before
{Heap before GC invocations=3 (full 2):
 garbage-first heap   total 28672K, used 14391K [0x000000071d400000, 0x0000000800000000)
  region size 2048K, 4 young (8192K), 0 survivors (0K)
 Metaspace       used 17614K, committed 17920K, reserved 1114112K
  class space    used 1794K, committed 1920K, reserved 1048576K
}
Event: 8.674 GC heap after
{Heap after GC invocations=4 (full 2):
 garbage-first heap   total 28672K, used 7622K [0x000000071d400000, 0x0000000800000000)
  region size 2048K, 1 young (2048K), 1 survivors (2048K)
 Metaspace       used 17614K, committed 17920K, reserved 1114112K
  class space    used 1794K, committed 1920K, reserved 1048576K
}
Event: 9.531 GC heap before
{Heap before GC invocations=4 (full 2):
 garbage-first heap   total 28672K, used 15814K [0x000000071d400000, 0x0000000800000000)
  region size 2048K, 5 young (10240K), 1 survivors (2048K)
 Metaspace       used 20825K, committed 21056K, reserved 1114112K
  class space    used 2014K, committed 2112K, reserved 1048576K
}
Event: 9.550 GC heap after
{Heap after GC invocations=5 (full 2):
 garbage-first heap   total 28672K, used 8212K [0x000000071d400000, 0x0000000800000000)
  region size 2048K, 1 young (2048K), 1 survivors (2048K)
 Metaspace       used 20825K, committed 21056K, reserved 1114112K
  class space    used 2014K, committed 2112K, reserved 1048576K
}
Event: 9.739 GC heap before
{Heap before GC invocations=5 (full 2):
 garbage-first heap   total 28672K, used 14356K [0x000000071d400000, 0x0000000800000000)
  region size 2048K, 5 young (10240K), 1 survivors (2048K)
 Metaspace       used 21094K, committed 21376K, reserved 1114112K
  class space    used 2043K, committed 2176K, reserved 1048576K
}
Event: 9.800 GC heap after
{Heap after GC invocations=6 (full 2):
 garbage-first heap   total 28672K, used 15642K [0x000000071d400000, 0x0000000800000000)
  region size 2048K, 1 young (2048K), 1 survivors (2048K)
 Metaspace       used 21094K, committed 21376K, reserved 1114112K
  class space    used 2043K, committed 2176K, reserved 1048576K
}
Event: 9.815 GC heap before
{Heap before GC invocations=6 (full 2):
 garbage-first heap   total 28672K, used 15642K [0x000000071d400000, 0x0000000800000000)
  region size 2048K, 2 young (4096K), 1 survivors (2048K)
 Metaspace       used 21099K, committed 21376K, reserved 1114112K
  class space    used 2043K, committed 2176K, reserved 1048576K
}
Event: 9.832 GC heap after
{Heap after GC invocations=7 (full 2):
 garbage-first heap   total 28672K, used 17785K [0x000000071d400000, 0x0000000800000000)
  region size 2048K, 1 young (2048K), 1 survivors (2048K)
 Metaspace       used 21099K, committed 21376K, reserved 1114112K
  class space    used 2043K, committed 2176K, reserved 1048576K
}
Event: 9.880 GC heap before
{Heap before GC invocations=7 (full 2):
 garbage-first heap   total 34816K, used 19833K [0x000000071d400000, 0x0000000800000000)
  region size 2048K, 2 young (4096K), 1 survivors (2048K)
 Metaspace       used 21111K, committed 21376K, reserved 1114112K
  class space    used 2043K, committed 2176K, reserved 1048576K
}
Event: 9.886 GC heap after
{Heap after GC invocations=8 (full 2):
 garbage-first heap   total 135168K, used 19821K [0x000000071d400000, 0x0000000800000000)
  region size 2048K, 1 young (2048K), 1 survivors (2048K)
 Metaspace       used 21111K, committed 21376K, reserved 1114112K
  class space    used 2043K, committed 2176K, reserved 1048576K
}
Event: 10.587 GC heap before
{Heap before GC invocations=9 (full 2):
 garbage-first heap   total 135168K, used 56685K [0x000000071d400000, 0x0000000800000000)
  region size 2048K, 20 young (40960K), 1 survivors (2048K)
 Metaspace       used 21427K, committed 21760K, reserved 1114112K
  class space    used 2061K, committed 2176K, reserved 1048576K
}
Event: 10.644 GC heap after
{Heap after GC invocations=10 (full 2):
 garbage-first heap   total 135168K, used 53183K [0x000000071d400000, 0x0000000800000000)
  region size 2048K, 3 young (6144K), 3 survivors (6144K)
 Metaspace       used 21427K, committed 21760K, reserved 1114112K
  class space    used 2061K, committed 2176K, reserved 1048576K
}

